The target system is: Generic -  - 
The host system is: Linux - 6.8.0-39-generic - x86_64
Compiling the C compiler identification source file "CMakeCCompilerId.c" succeeded.
Compiler: /sdk/tools/bin/compiler/riscv/cc_riscv32_musl_b090/cc_riscv32_musl_fp/bin/riscv32-linux-musl-gcc 
Build flags: 
Id flags:  

The output was:
0


Compilation of the C compiler identification source "CMakeCCompilerId.c" produced "a.out"

The C compiler identification is GNU, found in "/sdk/output/bs21/acore/bs21-sle-ble-central-peripheral/CMakeFiles/3.16.3/CompilerIdC/a.out"

Checking whether the ASM compiler is GNU using "--version" matched "(GNU assembler)|(GCC)|(Free Software Foundation)":
riscv32-linux-musl-gcc (build ver100.090 2023-05-17) 7.3.0
Copyright (C) 2017 Free Software Foundation, Inc.
This is free software; see the source for copying conditions.  There is NO
warranty; not even for MERCHANTABILITY or FITNESS FOR A PARTICULAR PURPOSE.

Compiling the CXX compiler identification source file "CMakeCXXCompilerId.cpp" succeeded.
Compiler: /sdk/tools/bin/compiler/riscv/cc_riscv32_musl_b090/cc_riscv32_musl_fp/bin/riscv32-linux-musl-g++ 
Build flags: 
Id flags:  

The output was:
0


Compilation of the CXX compiler identification source "CMakeCXXCompilerId.cpp" produced "a.out"

The CXX compiler identification is GNU, found in "/sdk/output/bs21/acore/bs21-sle-ble-central-peripheral/CMakeFiles/3.16.3/CompilerIdCXX/a.out"

Detecting C compiler ABI info compiled with the following output:
Change Dir: /sdk/output/bs21/acore/bs21-sle-ble-central-peripheral/CMakeFiles/CMakeTmp

Run Build Command(s):/usr/bin/ninja cmTC_125b8 && [1/2] Building C object CMakeFiles/cmTC_125b8.dir/CMakeCCompilerABI.c.obj
Using built-in specs.
COLLECT_GCC=/sdk/tools/bin/compiler/riscv/cc_riscv32_musl_b090/cc_riscv32_musl_fp/bin/riscv32-linux-musl-gcc
Target: riscv32-linux-musl
Configured with: /devcloud/workspace/cc_source/build/cc_riscv32_musl_fp/../../open_source/cc_riscv32_musl_fp_build_src/gcc/configure --build=x86_64-pc-linux-gnu --host=x86_64-pc-linux-gnu --target=riscv32-linux-musl --with-arch=rv32imfc --prefix=/devcloud/workspace/cc_source/build/cc_riscv32_musl_fp/riscv32_elf_musl_fp_build_dir/cc_riscv32_musl_fp --disable-multilib --disable-__cxa_atexit --with-gnu-as --with-gnu-ld --disable-libmudflap --enable-libgomp --enable-libssp --disable-threads --enable-shared --with-abi=ilp32f --enable-poison-system-directories --enable-symvers=gnu --with-pkgversion='build ver100.090 2023-05-17' --enable-languages=c,c++ --with-headers=/devcloud/workspace/cc_source/build/cc_riscv32_musl_fp/riscv32_elf_musl_fp_build_dir/cc_riscv32_musl_fp/sysroot/usr/include --with-sysroot=/devcloud/workspace/cc_source/build/cc_riscv32_musl_fp/riscv32_elf_musl_fp_build_dir/cc_riscv32_musl_fp/sysroot --with-build-sysroot=/devcloud/workspace/cc_source/build/cc_riscv32_musl_fp/riscv32_elf_musl_fp_build_dir/cc_riscv32_musl_fp/sysroot --with-gmp=/devcloud/workspace/cc_source/build/cc_riscv32_musl_fp/riscv32_elf_musl_fp_build_dir/obj/host-libs/usr --with-mpfr=/devcloud/workspace/cc_source/build/cc_riscv32_musl_fp/riscv32_elf_musl_fp_build_dir/obj/host-libs/usr --with-mpc=/devcloud/workspace/cc_source/build/cc_riscv32_musl_fp/riscv32_elf_musl_fp_build_dir/obj/host-libs/usr --with-isl=/devcloud/workspace/cc_source/build/cc_riscv32_musl_fp/riscv32_elf_musl_fp_build_dir/obj/host-libs/usr --with-build-time-tools=/devcloud/workspace/cc_source/build/cc_riscv32_musl_fp/riscv32_elf_musl_fp_build_dir/cc_riscv32_musl_fp/riscv32-linux-musl/bin --libdir=/devcloud/workspace/cc_source/build/cc_riscv32_musl_fp/riscv32_elf_musl_fp_build_dir/cc_riscv32_musl_fp/lib --disable-libitm --with-system-zlib
Thread model: single
gcc version 7.3.0 (build ver100.090 2023-05-17) 
COLLECT_GCC_OPTIONS='-v' '-o' 'CMakeFiles/cmTC_125b8.dir/CMakeCCompilerABI.c.obj' '-c' '-march=rv32imfc' '-mabi=ilp32f'
 /sdk/tools/bin/compiler/riscv/cc_riscv32_musl_b090/cc_riscv32_musl_fp/bin/../libexec/gcc/riscv32-linux-musl/7.3.0/cc1 -quiet -v -iprefix /sdk/tools/bin/compiler/riscv/cc_riscv32_musl_b090/cc_riscv32_musl_fp/bin/../lib/gcc/riscv32-linux-musl/7.3.0/ -isysroot /sdk/tools/bin/compiler/riscv/cc_riscv32_musl_b090/cc_riscv32_musl_fp/bin/../sysroot /usr/share/cmake-3.16/Modules/CMakeCCompilerABI.c -quiet -dumpbase CMakeCCompilerABI.c -march=rv32imfc -mabi=ilp32f -auxbase-strip CMakeFiles/cmTC_125b8.dir/CMakeCCompilerABI.c.obj -version -o /tmp/ccseZ7It.s
GNU C11 (build ver100.090 2023-05-17) version 7.3.0 (riscv32-linux-musl)
	compiled by GNU C version 7.3.0, GMP version 6.2.1, MPFR version 4.1.0, MPC version 1.2.1, isl version UNKNOWN-GMP

GGC heuristics: --param ggc-min-expand=100 --param ggc-min-heapsize=131072
ignoring nonexistent directory "/sdk/tools/bin/compiler/riscv/cc_riscv32_musl_b090/cc_riscv32_musl_fp/bin/../sysroot/usr/local/include"
ignoring duplicate directory "/sdk/tools/bin/compiler/riscv/cc_riscv32_musl_b090/cc_riscv32_musl_fp/bin/../lib/gcc/../../lib/gcc/riscv32-linux-musl/7.3.0/../../../../riscv32-linux-musl/include"
ignoring duplicate directory "/sdk/tools/bin/compiler/riscv/cc_riscv32_musl_b090/cc_riscv32_musl_fp/bin/../lib/gcc/../../lib/gcc/riscv32-linux-musl/7.3.0/include"
#include "..." search starts here:
#include <...> search starts here:
 /sdk/tools/bin/compiler/riscv/cc_riscv32_musl_b090/cc_riscv32_musl_fp/bin/../lib/gcc/riscv32-linux-musl/7.3.0/../../../../riscv32-linux-musl/include
 /sdk/tools/bin/compiler/riscv/cc_riscv32_musl_b090/cc_riscv32_musl_fp/bin/../lib/gcc/riscv32-linux-musl/7.3.0/include
 /sdk/tools/bin/compiler/riscv/cc_riscv32_musl_b090/cc_riscv32_musl_fp/bin/../sysroot/usr/include
End of search list.
GNU C11 (build ver100.090 2023-05-17) version 7.3.0 (riscv32-linux-musl)
	compiled by GNU C version 7.3.0, GMP version 6.2.1, MPFR version 4.1.0, MPC version 1.2.1, isl version UNKNOWN-GMP

GGC heuristics: --param ggc-min-expand=100 --param ggc-min-heapsize=131072
Compiler executable checksum: ea21957c4af6e132d59bf86fcf5025f7
COLLECT_GCC_OPTIONS='-v' '-o' 'CMakeFiles/cmTC_125b8.dir/CMakeCCompilerABI.c.obj' '-c' '-march=rv32imfc' '-mabi=ilp32f'
 /sdk/tools/bin/compiler/riscv/cc_riscv32_musl_b090/cc_riscv32_musl_fp/bin/../lib/gcc/riscv32-linux-musl/7.3.0/../../../../riscv32-linux-musl/bin/as -v --traditional-format -march=rv32imfc -mabi=ilp32f -o CMakeFiles/cmTC_125b8.dir/CMakeCCompilerABI.c.obj /tmp/ccseZ7It.s
GNU assembler version 2.38 (riscv32-linux-musl) using BFD version (build ver100.090 2023-05-17) 2.38
COMPILER_PATH=/sdk/tools/bin/compiler/riscv/cc_riscv32_musl_b090/cc_riscv32_musl_fp/bin/../libexec/gcc/riscv32-linux-musl/7.3.0/:/sdk/tools/bin/compiler/riscv/cc_riscv32_musl_b090/cc_riscv32_musl_fp/bin/../libexec/gcc/:/sdk/tools/bin/compiler/riscv/cc_riscv32_musl_b090/cc_riscv32_musl_fp/bin/../lib/gcc/riscv32-linux-musl/7.3.0/../../../../riscv32-linux-musl/bin/
LIBRARY_PATH=/sdk/tools/bin/compiler/riscv/cc_riscv32_musl_b090/cc_riscv32_musl_fp/bin/../lib/gcc/riscv32-linux-musl/7.3.0/:/sdk/tools/bin/compiler/riscv/cc_riscv32_musl_b090/cc_riscv32_musl_fp/bin/../lib/gcc/:/sdk/tools/bin/compiler/riscv/cc_riscv32_musl_b090/cc_riscv32_musl_fp/bin/../lib/gcc/riscv32-linux-musl/7.3.0/../../../../riscv32-linux-musl/lib/:/sdk/tools/bin/compiler/riscv/cc_riscv32_musl_b090/cc_riscv32_musl_fp/bin/../sysroot/usr/lib/
COLLECT_GCC_OPTIONS='-v' '-o' 'CMakeFiles/cmTC_125b8.dir/CMakeCCompilerABI.c.obj' '-c' '-march=rv32imfc' '-mabi=ilp32f'
[2/2] Linking C executable cmTC_125b8
Using built-in specs.
COLLECT_GCC=/sdk/tools/bin/compiler/riscv/cc_riscv32_musl_b090/cc_riscv32_musl_fp/bin/riscv32-linux-musl-gcc
COLLECT_LTO_WRAPPER=/sdk/tools/bin/compiler/riscv/cc_riscv32_musl_b090/cc_riscv32_musl_fp/bin/../libexec/gcc/riscv32-linux-musl/7.3.0/lto-wrapper
Target: riscv32-linux-musl
Configured with: /devcloud/workspace/cc_source/build/cc_riscv32_musl_fp/../../open_source/cc_riscv32_musl_fp_build_src/gcc/configure --build=x86_64-pc-linux-gnu --host=x86_64-pc-linux-gnu --target=riscv32-linux-musl --with-arch=rv32imfc --prefix=/devcloud/workspace/cc_source/build/cc_riscv32_musl_fp/riscv32_elf_musl_fp_build_dir/cc_riscv32_musl_fp --disable-multilib --disable-__cxa_atexit --with-gnu-as --with-gnu-ld --disable-libmudflap --enable-libgomp --enable-libssp --disable-threads --enable-shared --with-abi=ilp32f --enable-poison-system-directories --enable-symvers=gnu --with-pkgversion='build ver100.090 2023-05-17' --enable-languages=c,c++ --with-headers=/devcloud/workspace/cc_source/build/cc_riscv32_musl_fp/riscv32_elf_musl_fp_build_dir/cc_riscv32_musl_fp/sysroot/usr/include --with-sysroot=/devcloud/workspace/cc_source/build/cc_riscv32_musl_fp/riscv32_elf_musl_fp_build_dir/cc_riscv32_musl_fp/sysroot --with-build-sysroot=/devcloud/workspace/cc_source/build/cc_riscv32_musl_fp/riscv32_elf_musl_fp_build_dir/cc_riscv32_musl_fp/sysroot --with-gmp=/devcloud/workspace/cc_source/build/cc_riscv32_musl_fp/riscv32_elf_musl_fp_build_dir/obj/host-libs/usr --with-mpfr=/devcloud/workspace/cc_source/build/cc_riscv32_musl_fp/riscv32_elf_musl_fp_build_dir/obj/host-libs/usr --with-mpc=/devcloud/workspace/cc_source/build/cc_riscv32_musl_fp/riscv32_elf_musl_fp_build_dir/obj/host-libs/usr --with-isl=/devcloud/workspace/cc_source/build/cc_riscv32_musl_fp/riscv32_elf_musl_fp_build_dir/obj/host-libs/usr --with-build-time-tools=/devcloud/workspace/cc_source/build/cc_riscv32_musl_fp/riscv32_elf_musl_fp_build_dir/cc_riscv32_musl_fp/riscv32-linux-musl/bin --libdir=/devcloud/workspace/cc_source/build/cc_riscv32_musl_fp/riscv32_elf_musl_fp_build_dir/cc_riscv32_musl_fp/lib --disable-libitm --with-system-zlib
Thread model: single
gcc version 7.3.0 (build ver100.090 2023-05-17) 
COMPILER_PATH=/sdk/tools/bin/compiler/riscv/cc_riscv32_musl_b090/cc_riscv32_musl_fp/bin/../libexec/gcc/riscv32-linux-musl/7.3.0/:/sdk/tools/bin/compiler/riscv/cc_riscv32_musl_b090/cc_riscv32_musl_fp/bin/../libexec/gcc/:/sdk/tools/bin/compiler/riscv/cc_riscv32_musl_b090/cc_riscv32_musl_fp/bin/../lib/gcc/riscv32-linux-musl/7.3.0/../../../../riscv32-linux-musl/bin/
LIBRARY_PATH=/sdk/tools/bin/compiler/riscv/cc_riscv32_musl_b090/cc_riscv32_musl_fp/bin/../lib/gcc/riscv32-linux-musl/7.3.0/:/sdk/tools/bin/compiler/riscv/cc_riscv32_musl_b090/cc_riscv32_musl_fp/bin/../lib/gcc/:/sdk/tools/bin/compiler/riscv/cc_riscv32_musl_b090/cc_riscv32_musl_fp/bin/../lib/gcc/riscv32-linux-musl/7.3.0/../../../../riscv32-linux-musl/lib/:/sdk/tools/bin/compiler/riscv/cc_riscv32_musl_b090/cc_riscv32_musl_fp/bin/../sysroot/usr/lib/
COLLECT_GCC_OPTIONS='-v' '-o' 'cmTC_125b8' '-march=rv32imfc' '-mabi=ilp32f'
 /sdk/tools/bin/compiler/riscv/cc_riscv32_musl_b090/cc_riscv32_musl_fp/bin/../libexec/gcc/riscv32-linux-musl/7.3.0/collect2 -plugin /sdk/tools/bin/compiler/riscv/cc_riscv32_musl_b090/cc_riscv32_musl_fp/bin/../libexec/gcc/riscv32-linux-musl/7.3.0/liblto_plugin.so -plugin-opt=/sdk/tools/bin/compiler/riscv/cc_riscv32_musl_b090/cc_riscv32_musl_fp/bin/../libexec/gcc/riscv32-linux-musl/7.3.0/lto-wrapper -plugin-opt=-fresolution=/tmp/cc4Q8aON.res -plugin-opt=-pass-through=-lgcc -plugin-opt=-pass-through=-lgcc_s -plugin-opt=-pass-through=-lc -plugin-opt=-pass-through=-lgcc -plugin-opt=-pass-through=-lgcc_s --sysroot=/sdk/tools/bin/compiler/riscv/cc_riscv32_musl_b090/cc_riscv32_musl_fp/bin/../sysroot --eh-frame-hdr -melf32lriscv -dynamic-linker /lib/ld-musl-riscv32-sp.so.1 -o cmTC_125b8 /sdk/tools/bin/compiler/riscv/cc_riscv32_musl_b090/cc_riscv32_musl_fp/bin/../sysroot/usr/lib/crt1.o /sdk/tools/bin/compiler/riscv/cc_riscv32_musl_b090/cc_riscv32_musl_fp/bin/../lib/gcc/riscv32-linux-musl/7.3.0/crti.o /sdk/tools/bin/compiler/riscv/cc_riscv32_musl_b090/cc_riscv32_musl_fp/bin/../lib/gcc/riscv32-linux-musl/7.3.0/crtbegin.o -L/sdk/tools/bin/compiler/riscv/cc_riscv32_musl_b090/cc_riscv32_musl_fp/bin/../lib/gcc/riscv32-linux-musl/7.3.0 -L/sdk/tools/bin/compiler/riscv/cc_riscv32_musl_b090/cc_riscv32_musl_fp/bin/../lib/gcc -L/sdk/tools/bin/compiler/riscv/cc_riscv32_musl_b090/cc_riscv32_musl_fp/bin/../lib/gcc/riscv32-linux-musl/7.3.0/../../../../riscv32-linux-musl/lib -L/sdk/tools/bin/compiler/riscv/cc_riscv32_musl_b090/cc_riscv32_musl_fp/bin/../sysroot/usr/lib CMakeFiles/cmTC_125b8.dir/CMakeCCompilerABI.c.obj -lgcc --as-needed -lgcc_s --no-as-needed -lc -lgcc --as-needed -lgcc_s --no-as-needed /sdk/tools/bin/compiler/riscv/cc_riscv32_musl_b090/cc_riscv32_musl_fp/bin/../lib/gcc/riscv32-linux-musl/7.3.0/crtend.o /sdk/tools/bin/compiler/riscv/cc_riscv32_musl_b090/cc_riscv32_musl_fp/bin/../lib/gcc/riscv32-linux-musl/7.3.0/crtn.o
COLLECT_GCC_OPTIONS='-v' '-o' 'cmTC_125b8' '-march=rv32imfc' '-mabi=ilp32f'



Parsed C implicit include dir info from above output: rv=done
  found start of include info
  found start of implicit include info
    add: [/sdk/tools/bin/compiler/riscv/cc_riscv32_musl_b090/cc_riscv32_musl_fp/bin/../lib/gcc/riscv32-linux-musl/7.3.0/../../../../riscv32-linux-musl/include]
    add: [/sdk/tools/bin/compiler/riscv/cc_riscv32_musl_b090/cc_riscv32_musl_fp/bin/../lib/gcc/riscv32-linux-musl/7.3.0/include]
    add: [/sdk/tools/bin/compiler/riscv/cc_riscv32_musl_b090/cc_riscv32_musl_fp/bin/../sysroot/usr/include]
  end of search list found
  collapse include dir [/sdk/tools/bin/compiler/riscv/cc_riscv32_musl_b090/cc_riscv32_musl_fp/bin/../lib/gcc/riscv32-linux-musl/7.3.0/../../../../riscv32-linux-musl/include] ==> [/sdk/tools/bin/compiler/riscv/cc_riscv32_musl_b090/cc_riscv32_musl_fp/riscv32-linux-musl/include]
  collapse include dir [/sdk/tools/bin/compiler/riscv/cc_riscv32_musl_b090/cc_riscv32_musl_fp/bin/../lib/gcc/riscv32-linux-musl/7.3.0/include] ==> [/sdk/tools/bin/compiler/riscv/cc_riscv32_musl_b090/cc_riscv32_musl_fp/lib/gcc/riscv32-linux-musl/7.3.0/include]
  collapse include dir [/sdk/tools/bin/compiler/riscv/cc_riscv32_musl_b090/cc_riscv32_musl_fp/bin/../sysroot/usr/include] ==> [/sdk/tools/bin/compiler/riscv/cc_riscv32_musl_b090/cc_riscv32_musl_fp/sysroot/usr/include]
  implicit include dirs: [/sdk/tools/bin/compiler/riscv/cc_riscv32_musl_b090/cc_riscv32_musl_fp/riscv32-linux-musl/include;/sdk/tools/bin/compiler/riscv/cc_riscv32_musl_b090/cc_riscv32_musl_fp/lib/gcc/riscv32-linux-musl/7.3.0/include;/sdk/tools/bin/compiler/riscv/cc_riscv32_musl_b090/cc_riscv32_musl_fp/sysroot/usr/include]


Parsed C implicit link information from above output:
  link line regex: [^( *|.*[/\])(riscv32-linux-musl-ld|CMAKE_LINK_STARTFILE-NOTFOUND|([^/\]+-)?ld|collect2)[^/\]*( |$)]
  ignore line: [Change Dir: /sdk/output/bs21/acore/bs21-sle-ble-central-peripheral/CMakeFiles/CMakeTmp]
  ignore line: []
  ignore line: [Run Build Command(s):/usr/bin/ninja cmTC_125b8 && [1/2] Building C object CMakeFiles/cmTC_125b8.dir/CMakeCCompilerABI.c.obj]
  ignore line: [Using built-in specs.]
  ignore line: [COLLECT_GCC=/sdk/tools/bin/compiler/riscv/cc_riscv32_musl_b090/cc_riscv32_musl_fp/bin/riscv32-linux-musl-gcc]
  ignore line: [Target: riscv32-linux-musl]
  ignore line: [Configured with: /devcloud/workspace/cc_source/build/cc_riscv32_musl_fp/../../open_source/cc_riscv32_musl_fp_build_src/gcc/configure --build=x86_64-pc-linux-gnu --host=x86_64-pc-linux-gnu --target=riscv32-linux-musl --with-arch=rv32imfc --prefix=/devcloud/workspace/cc_source/build/cc_riscv32_musl_fp/riscv32_elf_musl_fp_build_dir/cc_riscv32_musl_fp --disable-multilib --disable-__cxa_atexit --with-gnu-as --with-gnu-ld --disable-libmudflap --enable-libgomp --enable-libssp --disable-threads --enable-shared --with-abi=ilp32f --enable-poison-system-directories --enable-symvers=gnu --with-pkgversion='build ver100.090 2023-05-17' --enable-languages=c,c++ --with-headers=/devcloud/workspace/cc_source/build/cc_riscv32_musl_fp/riscv32_elf_musl_fp_build_dir/cc_riscv32_musl_fp/sysroot/usr/include --with-sysroot=/devcloud/workspace/cc_source/build/cc_riscv32_musl_fp/riscv32_elf_musl_fp_build_dir/cc_riscv32_musl_fp/sysroot --with-build-sysroot=/devcloud/workspace/cc_source/build/cc_riscv32_musl_fp/riscv32_elf_musl_fp_build_dir/cc_riscv32_musl_fp/sysroot --with-gmp=/devcloud/workspace/cc_source/build/cc_riscv32_musl_fp/riscv32_elf_musl_fp_build_dir/obj/host-libs/usr --with-mpfr=/devcloud/workspace/cc_source/build/cc_riscv32_musl_fp/riscv32_elf_musl_fp_build_dir/obj/host-libs/usr --with-mpc=/devcloud/workspace/cc_source/build/cc_riscv32_musl_fp/riscv32_elf_musl_fp_build_dir/obj/host-libs/usr --with-isl=/devcloud/workspace/cc_source/build/cc_riscv32_musl_fp/riscv32_elf_musl_fp_build_dir/obj/host-libs/usr --with-build-time-tools=/devcloud/workspace/cc_source/build/cc_riscv32_musl_fp/riscv32_elf_musl_fp_build_dir/cc_riscv32_musl_fp/riscv32-linux-musl/bin --libdir=/devcloud/workspace/cc_source/build/cc_riscv32_musl_fp/riscv32_elf_musl_fp_build_dir/cc_riscv32_musl_fp/lib --disable-libitm --with-system-zlib]
  ignore line: [Thread model: single]
  ignore line: [gcc version 7.3.0 (build ver100.090 2023-05-17) ]
  ignore line: [COLLECT_GCC_OPTIONS='-v' '-o' 'CMakeFiles/cmTC_125b8.dir/CMakeCCompilerABI.c.obj' '-c' '-march=rv32imfc' '-mabi=ilp32f']
  ignore line: [ /sdk/tools/bin/compiler/riscv/cc_riscv32_musl_b090/cc_riscv32_musl_fp/bin/../libexec/gcc/riscv32-linux-musl/7.3.0/cc1 -quiet -v -iprefix /sdk/tools/bin/compiler/riscv/cc_riscv32_musl_b090/cc_riscv32_musl_fp/bin/../lib/gcc/riscv32-linux-musl/7.3.0/ -isysroot /sdk/tools/bin/compiler/riscv/cc_riscv32_musl_b090/cc_riscv32_musl_fp/bin/../sysroot /usr/share/cmake-3.16/Modules/CMakeCCompilerABI.c -quiet -dumpbase CMakeCCompilerABI.c -march=rv32imfc -mabi=ilp32f -auxbase-strip CMakeFiles/cmTC_125b8.dir/CMakeCCompilerABI.c.obj -version -o /tmp/ccseZ7It.s]
  ignore line: [GNU C11 (build ver100.090 2023-05-17) version 7.3.0 (riscv32-linux-musl)]
  ignore line: [	compiled by GNU C version 7.3.0  GMP version 6.2.1  MPFR version 4.1.0  MPC version 1.2.1  isl version UNKNOWN-GMP]
  ignore line: []
  ignore line: [GGC heuristics: --param ggc-min-expand=100 --param ggc-min-heapsize=131072]
  ignore line: [ignoring nonexistent directory "/sdk/tools/bin/compiler/riscv/cc_riscv32_musl_b090/cc_riscv32_musl_fp/bin/../sysroot/usr/local/include"]
  ignore line: [ignoring duplicate directory "/sdk/tools/bin/compiler/riscv/cc_riscv32_musl_b090/cc_riscv32_musl_fp/bin/../lib/gcc/../../lib/gcc/riscv32-linux-musl/7.3.0/../../../../riscv32-linux-musl/include"]
  ignore line: [ignoring duplicate directory "/sdk/tools/bin/compiler/riscv/cc_riscv32_musl_b090/cc_riscv32_musl_fp/bin/../lib/gcc/../../lib/gcc/riscv32-linux-musl/7.3.0/include"]
  ignore line: [#include "..." search starts here:]
  ignore line: [#include <...> search starts here:]
  ignore line: [ /sdk/tools/bin/compiler/riscv/cc_riscv32_musl_b090/cc_riscv32_musl_fp/bin/../lib/gcc/riscv32-linux-musl/7.3.0/../../../../riscv32-linux-musl/include]
  ignore line: [ /sdk/tools/bin/compiler/riscv/cc_riscv32_musl_b090/cc_riscv32_musl_fp/bin/../lib/gcc/riscv32-linux-musl/7.3.0/include]
  ignore line: [ /sdk/tools/bin/compiler/riscv/cc_riscv32_musl_b090/cc_riscv32_musl_fp/bin/../sysroot/usr/include]
  ignore line: [End of search list.]
  ignore line: [GNU C11 (build ver100.090 2023-05-17) version 7.3.0 (riscv32-linux-musl)]
  ignore line: [	compiled by GNU C version 7.3.0  GMP version 6.2.1  MPFR version 4.1.0  MPC version 1.2.1  isl version UNKNOWN-GMP]
  ignore line: []
  ignore line: [GGC heuristics: --param ggc-min-expand=100 --param ggc-min-heapsize=131072]
  ignore line: [Compiler executable checksum: ea21957c4af6e132d59bf86fcf5025f7]
  ignore line: [COLLECT_GCC_OPTIONS='-v' '-o' 'CMakeFiles/cmTC_125b8.dir/CMakeCCompilerABI.c.obj' '-c' '-march=rv32imfc' '-mabi=ilp32f']
  ignore line: [ /sdk/tools/bin/compiler/riscv/cc_riscv32_musl_b090/cc_riscv32_musl_fp/bin/../lib/gcc/riscv32-linux-musl/7.3.0/../../../../riscv32-linux-musl/bin/as -v --traditional-format -march=rv32imfc -mabi=ilp32f -o CMakeFiles/cmTC_125b8.dir/CMakeCCompilerABI.c.obj /tmp/ccseZ7It.s]
  ignore line: [GNU assembler version 2.38 (riscv32-linux-musl) using BFD version (build ver100.090 2023-05-17) 2.38]
  ignore line: [COMPILER_PATH=/sdk/tools/bin/compiler/riscv/cc_riscv32_musl_b090/cc_riscv32_musl_fp/bin/../libexec/gcc/riscv32-linux-musl/7.3.0/:/sdk/tools/bin/compiler/riscv/cc_riscv32_musl_b090/cc_riscv32_musl_fp/bin/../libexec/gcc/:/sdk/tools/bin/compiler/riscv/cc_riscv32_musl_b090/cc_riscv32_musl_fp/bin/../lib/gcc/riscv32-linux-musl/7.3.0/../../../../riscv32-linux-musl/bin/]
  ignore line: [LIBRARY_PATH=/sdk/tools/bin/compiler/riscv/cc_riscv32_musl_b090/cc_riscv32_musl_fp/bin/../lib/gcc/riscv32-linux-musl/7.3.0/:/sdk/tools/bin/compiler/riscv/cc_riscv32_musl_b090/cc_riscv32_musl_fp/bin/../lib/gcc/:/sdk/tools/bin/compiler/riscv/cc_riscv32_musl_b090/cc_riscv32_musl_fp/bin/../lib/gcc/riscv32-linux-musl/7.3.0/../../../../riscv32-linux-musl/lib/:/sdk/tools/bin/compiler/riscv/cc_riscv32_musl_b090/cc_riscv32_musl_fp/bin/../sysroot/usr/lib/]
  ignore line: [COLLECT_GCC_OPTIONS='-v' '-o' 'CMakeFiles/cmTC_125b8.dir/CMakeCCompilerABI.c.obj' '-c' '-march=rv32imfc' '-mabi=ilp32f']
  ignore line: [[2/2] Linking C executable cmTC_125b8]
  ignore line: [Using built-in specs.]
  ignore line: [COLLECT_GCC=/sdk/tools/bin/compiler/riscv/cc_riscv32_musl_b090/cc_riscv32_musl_fp/bin/riscv32-linux-musl-gcc]
  ignore line: [COLLECT_LTO_WRAPPER=/sdk/tools/bin/compiler/riscv/cc_riscv32_musl_b090/cc_riscv32_musl_fp/bin/../libexec/gcc/riscv32-linux-musl/7.3.0/lto-wrapper]
  ignore line: [Target: riscv32-linux-musl]
  ignore line: [Configured with: /devcloud/workspace/cc_source/build/cc_riscv32_musl_fp/../../open_source/cc_riscv32_musl_fp_build_src/gcc/configure --build=x86_64-pc-linux-gnu --host=x86_64-pc-linux-gnu --target=riscv32-linux-musl --with-arch=rv32imfc --prefix=/devcloud/workspace/cc_source/build/cc_riscv32_musl_fp/riscv32_elf_musl_fp_build_dir/cc_riscv32_musl_fp --disable-multilib --disable-__cxa_atexit --with-gnu-as --with-gnu-ld --disable-libmudflap --enable-libgomp --enable-libssp --disable-threads --enable-shared --with-abi=ilp32f --enable-poison-system-directories --enable-symvers=gnu --with-pkgversion='build ver100.090 2023-05-17' --enable-languages=c,c++ --with-headers=/devcloud/workspace/cc_source/build/cc_riscv32_musl_fp/riscv32_elf_musl_fp_build_dir/cc_riscv32_musl_fp/sysroot/usr/include --with-sysroot=/devcloud/workspace/cc_source/build/cc_riscv32_musl_fp/riscv32_elf_musl_fp_build_dir/cc_riscv32_musl_fp/sysroot --with-build-sysroot=/devcloud/workspace/cc_source/build/cc_riscv32_musl_fp/riscv32_elf_musl_fp_build_dir/cc_riscv32_musl_fp/sysroot --with-gmp=/devcloud/workspace/cc_source/build/cc_riscv32_musl_fp/riscv32_elf_musl_fp_build_dir/obj/host-libs/usr --with-mpfr=/devcloud/workspace/cc_source/build/cc_riscv32_musl_fp/riscv32_elf_musl_fp_build_dir/obj/host-libs/usr --with-mpc=/devcloud/workspace/cc_source/build/cc_riscv32_musl_fp/riscv32_elf_musl_fp_build_dir/obj/host-libs/usr --with-isl=/devcloud/workspace/cc_source/build/cc_riscv32_musl_fp/riscv32_elf_musl_fp_build_dir/obj/host-libs/usr --with-build-time-tools=/devcloud/workspace/cc_source/build/cc_riscv32_musl_fp/riscv32_elf_musl_fp_build_dir/cc_riscv32_musl_fp/riscv32-linux-musl/bin --libdir=/devcloud/workspace/cc_source/build/cc_riscv32_musl_fp/riscv32_elf_musl_fp_build_dir/cc_riscv32_musl_fp/lib --disable-libitm --with-system-zlib]
  ignore line: [Thread model: single]
  ignore line: [gcc version 7.3.0 (build ver100.090 2023-05-17) ]
  ignore line: [COMPILER_PATH=/sdk/tools/bin/compiler/riscv/cc_riscv32_musl_b090/cc_riscv32_musl_fp/bin/../libexec/gcc/riscv32-linux-musl/7.3.0/:/sdk/tools/bin/compiler/riscv/cc_riscv32_musl_b090/cc_riscv32_musl_fp/bin/../libexec/gcc/:/sdk/tools/bin/compiler/riscv/cc_riscv32_musl_b090/cc_riscv32_musl_fp/bin/../lib/gcc/riscv32-linux-musl/7.3.0/../../../../riscv32-linux-musl/bin/]
  ignore line: [LIBRARY_PATH=/sdk/tools/bin/compiler/riscv/cc_riscv32_musl_b090/cc_riscv32_musl_fp/bin/../lib/gcc/riscv32-linux-musl/7.3.0/:/sdk/tools/bin/compiler/riscv/cc_riscv32_musl_b090/cc_riscv32_musl_fp/bin/../lib/gcc/:/sdk/tools/bin/compiler/riscv/cc_riscv32_musl_b090/cc_riscv32_musl_fp/bin/../lib/gcc/riscv32-linux-musl/7.3.0/../../../../riscv32-linux-musl/lib/:/sdk/tools/bin/compiler/riscv/cc_riscv32_musl_b090/cc_riscv32_musl_fp/bin/../sysroot/usr/lib/]
  ignore line: [COLLECT_GCC_OPTIONS='-v' '-o' 'cmTC_125b8' '-march=rv32imfc' '-mabi=ilp32f']
  link line: [ /sdk/tools/bin/compiler/riscv/cc_riscv32_musl_b090/cc_riscv32_musl_fp/bin/../libexec/gcc/riscv32-linux-musl/7.3.0/collect2 -plugin /sdk/tools/bin/compiler/riscv/cc_riscv32_musl_b090/cc_riscv32_musl_fp/bin/../libexec/gcc/riscv32-linux-musl/7.3.0/liblto_plugin.so -plugin-opt=/sdk/tools/bin/compiler/riscv/cc_riscv32_musl_b090/cc_riscv32_musl_fp/bin/../libexec/gcc/riscv32-linux-musl/7.3.0/lto-wrapper -plugin-opt=-fresolution=/tmp/cc4Q8aON.res -plugin-opt=-pass-through=-lgcc -plugin-opt=-pass-through=-lgcc_s -plugin-opt=-pass-through=-lc -plugin-opt=-pass-through=-lgcc -plugin-opt=-pass-through=-lgcc_s --sysroot=/sdk/tools/bin/compiler/riscv/cc_riscv32_musl_b090/cc_riscv32_musl_fp/bin/../sysroot --eh-frame-hdr -melf32lriscv -dynamic-linker /lib/ld-musl-riscv32-sp.so.1 -o cmTC_125b8 /sdk/tools/bin/compiler/riscv/cc_riscv32_musl_b090/cc_riscv32_musl_fp/bin/../sysroot/usr/lib/crt1.o /sdk/tools/bin/compiler/riscv/cc_riscv32_musl_b090/cc_riscv32_musl_fp/bin/../lib/gcc/riscv32-linux-musl/7.3.0/crti.o /sdk/tools/bin/compiler/riscv/cc_riscv32_musl_b090/cc_riscv32_musl_fp/bin/../lib/gcc/riscv32-linux-musl/7.3.0/crtbegin.o -L/sdk/tools/bin/compiler/riscv/cc_riscv32_musl_b090/cc_riscv32_musl_fp/bin/../lib/gcc/riscv32-linux-musl/7.3.0 -L/sdk/tools/bin/compiler/riscv/cc_riscv32_musl_b090/cc_riscv32_musl_fp/bin/../lib/gcc -L/sdk/tools/bin/compiler/riscv/cc_riscv32_musl_b090/cc_riscv32_musl_fp/bin/../lib/gcc/riscv32-linux-musl/7.3.0/../../../../riscv32-linux-musl/lib -L/sdk/tools/bin/compiler/riscv/cc_riscv32_musl_b090/cc_riscv32_musl_fp/bin/../sysroot/usr/lib CMakeFiles/cmTC_125b8.dir/CMakeCCompilerABI.c.obj -lgcc --as-needed -lgcc_s --no-as-needed -lc -lgcc --as-needed -lgcc_s --no-as-needed /sdk/tools/bin/compiler/riscv/cc_riscv32_musl_b090/cc_riscv32_musl_fp/bin/../lib/gcc/riscv32-linux-musl/7.3.0/crtend.o /sdk/tools/bin/compiler/riscv/cc_riscv32_musl_b090/cc_riscv32_musl_fp/bin/../lib/gcc/riscv32-linux-musl/7.3.0/crtn.o]
    arg [/sdk/tools/bin/compiler/riscv/cc_riscv32_musl_b090/cc_riscv32_musl_fp/bin/../libexec/gcc/riscv32-linux-musl/7.3.0/collect2] ==> ignore
    arg [-plugin] ==> ignore
    arg [/sdk/tools/bin/compiler/riscv/cc_riscv32_musl_b090/cc_riscv32_musl_fp/bin/../libexec/gcc/riscv32-linux-musl/7.3.0/liblto_plugin.so] ==> ignore
    arg [-plugin-opt=/sdk/tools/bin/compiler/riscv/cc_riscv32_musl_b090/cc_riscv32_musl_fp/bin/../libexec/gcc/riscv32-linux-musl/7.3.0/lto-wrapper] ==> ignore
    arg [-plugin-opt=-fresolution=/tmp/cc4Q8aON.res] ==> ignore
    arg [-plugin-opt=-pass-through=-lgcc] ==> ignore
    arg [-plugin-opt=-pass-through=-lgcc_s] ==> ignore
    arg [-plugin-opt=-pass-through=-lc] ==> ignore
    arg [-plugin-opt=-pass-through=-lgcc] ==> ignore
    arg [-plugin-opt=-pass-through=-lgcc_s] ==> ignore
    arg [--sysroot=/sdk/tools/bin/compiler/riscv/cc_riscv32_musl_b090/cc_riscv32_musl_fp/bin/../sysroot] ==> ignore
    arg [--eh-frame-hdr] ==> ignore
    arg [-melf32lriscv] ==> ignore
    arg [-dynamic-linker] ==> ignore
    arg [/lib/ld-musl-riscv32-sp.so.1] ==> ignore
    arg [-o] ==> ignore
    arg [cmTC_125b8] ==> ignore
    arg [/sdk/tools/bin/compiler/riscv/cc_riscv32_musl_b090/cc_riscv32_musl_fp/bin/../sysroot/usr/lib/crt1.o] ==> ignore
    arg [/sdk/tools/bin/compiler/riscv/cc_riscv32_musl_b090/cc_riscv32_musl_fp/bin/../lib/gcc/riscv32-linux-musl/7.3.0/crti.o] ==> ignore
    arg [/sdk/tools/bin/compiler/riscv/cc_riscv32_musl_b090/cc_riscv32_musl_fp/bin/../lib/gcc/riscv32-linux-musl/7.3.0/crtbegin.o] ==> ignore
    arg [-L/sdk/tools/bin/compiler/riscv/cc_riscv32_musl_b090/cc_riscv32_musl_fp/bin/../lib/gcc/riscv32-linux-musl/7.3.0] ==> dir [/sdk/tools/bin/compiler/riscv/cc_riscv32_musl_b090/cc_riscv32_musl_fp/bin/../lib/gcc/riscv32-linux-musl/7.3.0]
    arg [-L/sdk/tools/bin/compiler/riscv/cc_riscv32_musl_b090/cc_riscv32_musl_fp/bin/../lib/gcc] ==> dir [/sdk/tools/bin/compiler/riscv/cc_riscv32_musl_b090/cc_riscv32_musl_fp/bin/../lib/gcc]
    arg [-L/sdk/tools/bin/compiler/riscv/cc_riscv32_musl_b090/cc_riscv32_musl_fp/bin/../lib/gcc/riscv32-linux-musl/7.3.0/../../../../riscv32-linux-musl/lib] ==> dir [/sdk/tools/bin/compiler/riscv/cc_riscv32_musl_b090/cc_riscv32_musl_fp/bin/../lib/gcc/riscv32-linux-musl/7.3.0/../../../../riscv32-linux-musl/lib]
    arg [-L/sdk/tools/bin/compiler/riscv/cc_riscv32_musl_b090/cc_riscv32_musl_fp/bin/../sysroot/usr/lib] ==> dir [/sdk/tools/bin/compiler/riscv/cc_riscv32_musl_b090/cc_riscv32_musl_fp/bin/../sysroot/usr/lib]
    arg [CMakeFiles/cmTC_125b8.dir/CMakeCCompilerABI.c.obj] ==> ignore
    arg [-lgcc] ==> lib [gcc]
    arg [--as-needed] ==> ignore
    arg [-lgcc_s] ==> lib [gcc_s]
    arg [--no-as-needed] ==> ignore
    arg [-lc] ==> lib [c]
    arg [-lgcc] ==> lib [gcc]
    arg [--as-needed] ==> ignore
    arg [-lgcc_s] ==> lib [gcc_s]
    arg [--no-as-needed] ==> ignore
    arg [/sdk/tools/bin/compiler/riscv/cc_riscv32_musl_b090/cc_riscv32_musl_fp/bin/../lib/gcc/riscv32-linux-musl/7.3.0/crtend.o] ==> ignore
    arg [/sdk/tools/bin/compiler/riscv/cc_riscv32_musl_b090/cc_riscv32_musl_fp/bin/../lib/gcc/riscv32-linux-musl/7.3.0/crtn.o] ==> ignore
  collapse library dir [/sdk/tools/bin/compiler/riscv/cc_riscv32_musl_b090/cc_riscv32_musl_fp/bin/../lib/gcc/riscv32-linux-musl/7.3.0] ==> [/sdk/tools/bin/compiler/riscv/cc_riscv32_musl_b090/cc_riscv32_musl_fp/lib/gcc/riscv32-linux-musl/7.3.0]
  collapse library dir [/sdk/tools/bin/compiler/riscv/cc_riscv32_musl_b090/cc_riscv32_musl_fp/bin/../lib/gcc] ==> [/sdk/tools/bin/compiler/riscv/cc_riscv32_musl_b090/cc_riscv32_musl_fp/lib/gcc]
  collapse library dir [/sdk/tools/bin/compiler/riscv/cc_riscv32_musl_b090/cc_riscv32_musl_fp/bin/../lib/gcc/riscv32-linux-musl/7.3.0/../../../../riscv32-linux-musl/lib] ==> [/sdk/tools/bin/compiler/riscv/cc_riscv32_musl_b090/cc_riscv32_musl_fp/riscv32-linux-musl/lib]
  collapse library dir [/sdk/tools/bin/compiler/riscv/cc_riscv32_musl_b090/cc_riscv32_musl_fp/bin/../sysroot/usr/lib] ==> [/sdk/tools/bin/compiler/riscv/cc_riscv32_musl_b090/cc_riscv32_musl_fp/sysroot/usr/lib]
  implicit libs: [gcc;gcc_s;c;gcc;gcc_s]
  implicit dirs: [/sdk/tools/bin/compiler/riscv/cc_riscv32_musl_b090/cc_riscv32_musl_fp/lib/gcc/riscv32-linux-musl/7.3.0;/sdk/tools/bin/compiler/riscv/cc_riscv32_musl_b090/cc_riscv32_musl_fp/lib/gcc;/sdk/tools/bin/compiler/riscv/cc_riscv32_musl_b090/cc_riscv32_musl_fp/riscv32-linux-musl/lib;/sdk/tools/bin/compiler/riscv/cc_riscv32_musl_b090/cc_riscv32_musl_fp/sysroot/usr/lib]
  implicit fwks: []


Detecting CXX compiler ABI info compiled with the following output:
Change Dir: /sdk/output/bs21/acore/bs21-sle-ble-central-peripheral/CMakeFiles/CMakeTmp

Run Build Command(s):/usr/bin/ninja cmTC_37c09 && [1/2] Building CXX object CMakeFiles/cmTC_37c09.dir/CMakeCXXCompilerABI.cpp.obj
Using built-in specs.
COLLECT_GCC=/sdk/tools/bin/compiler/riscv/cc_riscv32_musl_b090/cc_riscv32_musl_fp/bin/riscv32-linux-musl-g++
Target: riscv32-linux-musl
Configured with: /devcloud/workspace/cc_source/build/cc_riscv32_musl_fp/../../open_source/cc_riscv32_musl_fp_build_src/gcc/configure --build=x86_64-pc-linux-gnu --host=x86_64-pc-linux-gnu --target=riscv32-linux-musl --with-arch=rv32imfc --prefix=/devcloud/workspace/cc_source/build/cc_riscv32_musl_fp/riscv32_elf_musl_fp_build_dir/cc_riscv32_musl_fp --disable-multilib --disable-__cxa_atexit --with-gnu-as --with-gnu-ld --disable-libmudflap --enable-libgomp --enable-libssp --disable-threads --enable-shared --with-abi=ilp32f --enable-poison-system-directories --enable-symvers=gnu --with-pkgversion='build ver100.090 2023-05-17' --enable-languages=c,c++ --with-headers=/devcloud/workspace/cc_source/build/cc_riscv32_musl_fp/riscv32_elf_musl_fp_build_dir/cc_riscv32_musl_fp/sysroot/usr/include --with-sysroot=/devcloud/workspace/cc_source/build/cc_riscv32_musl_fp/riscv32_elf_musl_fp_build_dir/cc_riscv32_musl_fp/sysroot --with-build-sysroot=/devcloud/workspace/cc_source/build/cc_riscv32_musl_fp/riscv32_elf_musl_fp_build_dir/cc_riscv32_musl_fp/sysroot --with-gmp=/devcloud/workspace/cc_source/build/cc_riscv32_musl_fp/riscv32_elf_musl_fp_build_dir/obj/host-libs/usr --with-mpfr=/devcloud/workspace/cc_source/build/cc_riscv32_musl_fp/riscv32_elf_musl_fp_build_dir/obj/host-libs/usr --with-mpc=/devcloud/workspace/cc_source/build/cc_riscv32_musl_fp/riscv32_elf_musl_fp_build_dir/obj/host-libs/usr --with-isl=/devcloud/workspace/cc_source/build/cc_riscv32_musl_fp/riscv32_elf_musl_fp_build_dir/obj/host-libs/usr --with-build-time-tools=/devcloud/workspace/cc_source/build/cc_riscv32_musl_fp/riscv32_elf_musl_fp_build_dir/cc_riscv32_musl_fp/riscv32-linux-musl/bin --libdir=/devcloud/workspace/cc_source/build/cc_riscv32_musl_fp/riscv32_elf_musl_fp_build_dir/cc_riscv32_musl_fp/lib --disable-libitm --with-system-zlib
Thread model: single
gcc version 7.3.0 (build ver100.090 2023-05-17) 
COLLECT_GCC_OPTIONS='-v' '-o' 'CMakeFiles/cmTC_37c09.dir/CMakeCXXCompilerABI.cpp.obj' '-c' '-shared-libgcc' '-march=rv32imfc' '-mabi=ilp32f'
 /sdk/tools/bin/compiler/riscv/cc_riscv32_musl_b090/cc_riscv32_musl_fp/bin/../libexec/gcc/riscv32-linux-musl/7.3.0/cc1plus -quiet -v -iprefix /sdk/tools/bin/compiler/riscv/cc_riscv32_musl_b090/cc_riscv32_musl_fp/bin/../lib/gcc/riscv32-linux-musl/7.3.0/ -isysroot /sdk/tools/bin/compiler/riscv/cc_riscv32_musl_b090/cc_riscv32_musl_fp/bin/../sysroot -D_GNU_SOURCE /usr/share/cmake-3.16/Modules/CMakeCXXCompilerABI.cpp -quiet -dumpbase CMakeCXXCompilerABI.cpp -march=rv32imfc -mabi=ilp32f -auxbase-strip CMakeFiles/cmTC_37c09.dir/CMakeCXXCompilerABI.cpp.obj -version -o /tmp/cc4kxbg9.s
GNU C++14 (build ver100.090 2023-05-17) version 7.3.0 (riscv32-linux-musl)
	compiled by GNU C version 7.3.0, GMP version 6.2.1, MPFR version 4.1.0, MPC version 1.2.1, isl version UNKNOWN-GMP

GGC heuristics: --param ggc-min-expand=100 --param ggc-min-heapsize=131072
ignoring duplicate directory "/sdk/tools/bin/compiler/riscv/cc_riscv32_musl_b090/cc_riscv32_musl_fp/bin/../lib/gcc/../../lib/gcc/riscv32-linux-musl/7.3.0/../../../../riscv32-linux-musl/include/c++/7.3.0"
ignoring duplicate directory "/sdk/tools/bin/compiler/riscv/cc_riscv32_musl_b090/cc_riscv32_musl_fp/bin/../lib/gcc/../../lib/gcc/riscv32-linux-musl/7.3.0/../../../../riscv32-linux-musl/include/c++/7.3.0/riscv32-linux-musl"
ignoring duplicate directory "/sdk/tools/bin/compiler/riscv/cc_riscv32_musl_b090/cc_riscv32_musl_fp/bin/../lib/gcc/../../lib/gcc/riscv32-linux-musl/7.3.0/../../../../riscv32-linux-musl/include/c++/7.3.0/backward"
ignoring nonexistent directory "/sdk/tools/bin/compiler/riscv/cc_riscv32_musl_b090/cc_riscv32_musl_fp/bin/../sysroot/usr/local/include"
ignoring duplicate directory "/sdk/tools/bin/compiler/riscv/cc_riscv32_musl_b090/cc_riscv32_musl_fp/bin/../lib/gcc/../../lib/gcc/riscv32-linux-musl/7.3.0/../../../../riscv32-linux-musl/include"
ignoring duplicate directory "/sdk/tools/bin/compiler/riscv/cc_riscv32_musl_b090/cc_riscv32_musl_fp/bin/../lib/gcc/../../lib/gcc/riscv32-linux-musl/7.3.0/include"
#include "..." search starts here:
#include <...> search starts here:
 /sdk/tools/bin/compiler/riscv/cc_riscv32_musl_b090/cc_riscv32_musl_fp/bin/../lib/gcc/riscv32-linux-musl/7.3.0/../../../../riscv32-linux-musl/include/c++/7.3.0
 /sdk/tools/bin/compiler/riscv/cc_riscv32_musl_b090/cc_riscv32_musl_fp/bin/../lib/gcc/riscv32-linux-musl/7.3.0/../../../../riscv32-linux-musl/include/c++/7.3.0/riscv32-linux-musl
 /sdk/tools/bin/compiler/riscv/cc_riscv32_musl_b090/cc_riscv32_musl_fp/bin/../lib/gcc/riscv32-linux-musl/7.3.0/../../../../riscv32-linux-musl/include/c++/7.3.0/backward
 /sdk/tools/bin/compiler/riscv/cc_riscv32_musl_b090/cc_riscv32_musl_fp/bin/../lib/gcc/riscv32-linux-musl/7.3.0/../../../../riscv32-linux-musl/include
 /sdk/tools/bin/compiler/riscv/cc_riscv32_musl_b090/cc_riscv32_musl_fp/bin/../lib/gcc/riscv32-linux-musl/7.3.0/include
 /sdk/tools/bin/compiler/riscv/cc_riscv32_musl_b090/cc_riscv32_musl_fp/bin/../sysroot/usr/include
End of search list.
GNU C++14 (build ver100.090 2023-05-17) version 7.3.0 (riscv32-linux-musl)
	compiled by GNU C version 7.3.0, GMP version 6.2.1, MPFR version 4.1.0, MPC version 1.2.1, isl version UNKNOWN-GMP

GGC heuristics: --param ggc-min-expand=100 --param ggc-min-heapsize=131072
Compiler executable checksum: 3f360a73afc370a69c87af63e28acad0
COLLECT_GCC_OPTIONS='-v' '-o' 'CMakeFiles/cmTC_37c09.dir/CMakeCXXCompilerABI.cpp.obj' '-c' '-shared-libgcc' '-march=rv32imfc' '-mabi=ilp32f'
 /sdk/tools/bin/compiler/riscv/cc_riscv32_musl_b090/cc_riscv32_musl_fp/bin/../lib/gcc/riscv32-linux-musl/7.3.0/../../../../riscv32-linux-musl/bin/as -v --traditional-format -march=rv32imfc -mabi=ilp32f -o CMakeFiles/cmTC_37c09.dir/CMakeCXXCompilerABI.cpp.obj /tmp/cc4kxbg9.s
GNU assembler version 2.38 (riscv32-linux-musl) using BFD version (build ver100.090 2023-05-17) 2.38
COMPILER_PATH=/sdk/tools/bin/compiler/riscv/cc_riscv32_musl_b090/cc_riscv32_musl_fp/bin/../libexec/gcc/riscv32-linux-musl/7.3.0/:/sdk/tools/bin/compiler/riscv/cc_riscv32_musl_b090/cc_riscv32_musl_fp/bin/../libexec/gcc/:/sdk/tools/bin/compiler/riscv/cc_riscv32_musl_b090/cc_riscv32_musl_fp/bin/../lib/gcc/riscv32-linux-musl/7.3.0/../../../../riscv32-linux-musl/bin/
LIBRARY_PATH=/sdk/tools/bin/compiler/riscv/cc_riscv32_musl_b090/cc_riscv32_musl_fp/bin/../lib/gcc/riscv32-linux-musl/7.3.0/:/sdk/tools/bin/compiler/riscv/cc_riscv32_musl_b090/cc_riscv32_musl_fp/bin/../lib/gcc/:/sdk/tools/bin/compiler/riscv/cc_riscv32_musl_b090/cc_riscv32_musl_fp/bin/../lib/gcc/riscv32-linux-musl/7.3.0/../../../../riscv32-linux-musl/lib/:/sdk/tools/bin/compiler/riscv/cc_riscv32_musl_b090/cc_riscv32_musl_fp/bin/../sysroot/usr/lib/
COLLECT_GCC_OPTIONS='-v' '-o' 'CMakeFiles/cmTC_37c09.dir/CMakeCXXCompilerABI.cpp.obj' '-c' '-shared-libgcc' '-march=rv32imfc' '-mabi=ilp32f'
[2/2] Linking CXX executable cmTC_37c09
Using built-in specs.
COLLECT_GCC=/sdk/tools/bin/compiler/riscv/cc_riscv32_musl_b090/cc_riscv32_musl_fp/bin/riscv32-linux-musl-g++
COLLECT_LTO_WRAPPER=/sdk/tools/bin/compiler/riscv/cc_riscv32_musl_b090/cc_riscv32_musl_fp/bin/../libexec/gcc/riscv32-linux-musl/7.3.0/lto-wrapper
Target: riscv32-linux-musl
Configured with: /devcloud/workspace/cc_source/build/cc_riscv32_musl_fp/../../open_source/cc_riscv32_musl_fp_build_src/gcc/configure --build=x86_64-pc-linux-gnu --host=x86_64-pc-linux-gnu --target=riscv32-linux-musl --with-arch=rv32imfc --prefix=/devcloud/workspace/cc_source/build/cc_riscv32_musl_fp/riscv32_elf_musl_fp_build_dir/cc_riscv32_musl_fp --disable-multilib --disable-__cxa_atexit --with-gnu-as --with-gnu-ld --disable-libmudflap --enable-libgomp --enable-libssp --disable-threads --enable-shared --with-abi=ilp32f --enable-poison-system-directories --enable-symvers=gnu --with-pkgversion='build ver100.090 2023-05-17' --enable-languages=c,c++ --with-headers=/devcloud/workspace/cc_source/build/cc_riscv32_musl_fp/riscv32_elf_musl_fp_build_dir/cc_riscv32_musl_fp/sysroot/usr/include --with-sysroot=/devcloud/workspace/cc_source/build/cc_riscv32_musl_fp/riscv32_elf_musl_fp_build_dir/cc_riscv32_musl_fp/sysroot --with-build-sysroot=/devcloud/workspace/cc_source/build/cc_riscv32_musl_fp/riscv32_elf_musl_fp_build_dir/cc_riscv32_musl_fp/sysroot --with-gmp=/devcloud/workspace/cc_source/build/cc_riscv32_musl_fp/riscv32_elf_musl_fp_build_dir/obj/host-libs/usr --with-mpfr=/devcloud/workspace/cc_source/build/cc_riscv32_musl_fp/riscv32_elf_musl_fp_build_dir/obj/host-libs/usr --with-mpc=/devcloud/workspace/cc_source/build/cc_riscv32_musl_fp/riscv32_elf_musl_fp_build_dir/obj/host-libs/usr --with-isl=/devcloud/workspace/cc_source/build/cc_riscv32_musl_fp/riscv32_elf_musl_fp_build_dir/obj/host-libs/usr --with-build-time-tools=/devcloud/workspace/cc_source/build/cc_riscv32_musl_fp/riscv32_elf_musl_fp_build_dir/cc_riscv32_musl_fp/riscv32-linux-musl/bin --libdir=/devcloud/workspace/cc_source/build/cc_riscv32_musl_fp/riscv32_elf_musl_fp_build_dir/cc_riscv32_musl_fp/lib --disable-libitm --with-system-zlib
Thread model: single
gcc version 7.3.0 (build ver100.090 2023-05-17) 
COMPILER_PATH=/sdk/tools/bin/compiler/riscv/cc_riscv32_musl_b090/cc_riscv32_musl_fp/bin/../libexec/gcc/riscv32-linux-musl/7.3.0/:/sdk/tools/bin/compiler/riscv/cc_riscv32_musl_b090/cc_riscv32_musl_fp/bin/../libexec/gcc/:/sdk/tools/bin/compiler/riscv/cc_riscv32_musl_b090/cc_riscv32_musl_fp/bin/../lib/gcc/riscv32-linux-musl/7.3.0/../../../../riscv32-linux-musl/bin/
LIBRARY_PATH=/sdk/tools/bin/compiler/riscv/cc_riscv32_musl_b090/cc_riscv32_musl_fp/bin/../lib/gcc/riscv32-linux-musl/7.3.0/:/sdk/tools/bin/compiler/riscv/cc_riscv32_musl_b090/cc_riscv32_musl_fp/bin/../lib/gcc/:/sdk/tools/bin/compiler/riscv/cc_riscv32_musl_b090/cc_riscv32_musl_fp/bin/../lib/gcc/riscv32-linux-musl/7.3.0/../../../../riscv32-linux-musl/lib/:/sdk/tools/bin/compiler/riscv/cc_riscv32_musl_b090/cc_riscv32_musl_fp/bin/../sysroot/usr/lib/
COLLECT_GCC_OPTIONS='-v' '-o' 'cmTC_37c09' '-shared-libgcc' '-march=rv32imfc' '-mabi=ilp32f'
 /sdk/tools/bin/compiler/riscv/cc_riscv32_musl_b090/cc_riscv32_musl_fp/bin/../libexec/gcc/riscv32-linux-musl/7.3.0/collect2 -plugin /sdk/tools/bin/compiler/riscv/cc_riscv32_musl_b090/cc_riscv32_musl_fp/bin/../libexec/gcc/riscv32-linux-musl/7.3.0/liblto_plugin.so -plugin-opt=/sdk/tools/bin/compiler/riscv/cc_riscv32_musl_b090/cc_riscv32_musl_fp/bin/../libexec/gcc/riscv32-linux-musl/7.3.0/lto-wrapper -plugin-opt=-fresolution=/tmp/ccpTOpRt.res -plugin-opt=-pass-through=-lgcc_s -plugin-opt=-pass-through=-lgcc -plugin-opt=-pass-through=-lc -plugin-opt=-pass-through=-lgcc_s -plugin-opt=-pass-through=-lgcc --sysroot=/sdk/tools/bin/compiler/riscv/cc_riscv32_musl_b090/cc_riscv32_musl_fp/bin/../sysroot --eh-frame-hdr -melf32lriscv -dynamic-linker /lib/ld-musl-riscv32-sp.so.1 -o cmTC_37c09 /sdk/tools/bin/compiler/riscv/cc_riscv32_musl_b090/cc_riscv32_musl_fp/bin/../sysroot/usr/lib/crt1.o /sdk/tools/bin/compiler/riscv/cc_riscv32_musl_b090/cc_riscv32_musl_fp/bin/../lib/gcc/riscv32-linux-musl/7.3.0/crti.o /sdk/tools/bin/compiler/riscv/cc_riscv32_musl_b090/cc_riscv32_musl_fp/bin/../lib/gcc/riscv32-linux-musl/7.3.0/crtbegin.o -L/sdk/tools/bin/compiler/riscv/cc_riscv32_musl_b090/cc_riscv32_musl_fp/bin/../lib/gcc/riscv32-linux-musl/7.3.0 -L/sdk/tools/bin/compiler/riscv/cc_riscv32_musl_b090/cc_riscv32_musl_fp/bin/../lib/gcc -L/sdk/tools/bin/compiler/riscv/cc_riscv32_musl_b090/cc_riscv32_musl_fp/bin/../lib/gcc/riscv32-linux-musl/7.3.0/../../../../riscv32-linux-musl/lib -L/sdk/tools/bin/compiler/riscv/cc_riscv32_musl_b090/cc_riscv32_musl_fp/bin/../sysroot/usr/lib CMakeFiles/cmTC_37c09.dir/CMakeCXXCompilerABI.cpp.obj -lstdc++ -lm -lgcc_s -lgcc -lc -lgcc_s -lgcc /sdk/tools/bin/compiler/riscv/cc_riscv32_musl_b090/cc_riscv32_musl_fp/bin/../lib/gcc/riscv32-linux-musl/7.3.0/crtend.o /sdk/tools/bin/compiler/riscv/cc_riscv32_musl_b090/cc_riscv32_musl_fp/bin/../lib/gcc/riscv32-linux-musl/7.3.0/crtn.o
COLLECT_GCC_OPTIONS='-v' '-o' 'cmTC_37c09' '-shared-libgcc' '-march=rv32imfc' '-mabi=ilp32f'



Parsed CXX implicit include dir info from above output: rv=done
  found start of include info
  found start of implicit include info
    add: [/sdk/tools/bin/compiler/riscv/cc_riscv32_musl_b090/cc_riscv32_musl_fp/bin/../lib/gcc/riscv32-linux-musl/7.3.0/../../../../riscv32-linux-musl/include/c++/7.3.0]
    add: [/sdk/tools/bin/compiler/riscv/cc_riscv32_musl_b090/cc_riscv32_musl_fp/bin/../lib/gcc/riscv32-linux-musl/7.3.0/../../../../riscv32-linux-musl/include/c++/7.3.0/riscv32-linux-musl]
    add: [/sdk/tools/bin/compiler/riscv/cc_riscv32_musl_b090/cc_riscv32_musl_fp/bin/../lib/gcc/riscv32-linux-musl/7.3.0/../../../../riscv32-linux-musl/include/c++/7.3.0/backward]
    add: [/sdk/tools/bin/compiler/riscv/cc_riscv32_musl_b090/cc_riscv32_musl_fp/bin/../lib/gcc/riscv32-linux-musl/7.3.0/../../../../riscv32-linux-musl/include]
    add: [/sdk/tools/bin/compiler/riscv/cc_riscv32_musl_b090/cc_riscv32_musl_fp/bin/../lib/gcc/riscv32-linux-musl/7.3.0/include]
    add: [/sdk/tools/bin/compiler/riscv/cc_riscv32_musl_b090/cc_riscv32_musl_fp/bin/../sysroot/usr/include]
  end of search list found
  collapse include dir [/sdk/tools/bin/compiler/riscv/cc_riscv32_musl_b090/cc_riscv32_musl_fp/bin/../lib/gcc/riscv32-linux-musl/7.3.0/../../../../riscv32-linux-musl/include/c++/7.3.0] ==> [/sdk/tools/bin/compiler/riscv/cc_riscv32_musl_b090/cc_riscv32_musl_fp/riscv32-linux-musl/include/c++/7.3.0]
  collapse include dir [/sdk/tools/bin/compiler/riscv/cc_riscv32_musl_b090/cc_riscv32_musl_fp/bin/../lib/gcc/riscv32-linux-musl/7.3.0/../../../../riscv32-linux-musl/include/c++/7.3.0/riscv32-linux-musl] ==> [/sdk/tools/bin/compiler/riscv/cc_riscv32_musl_b090/cc_riscv32_musl_fp/riscv32-linux-musl/include/c++/7.3.0/riscv32-linux-musl]
  collapse include dir [/sdk/tools/bin/compiler/riscv/cc_riscv32_musl_b090/cc_riscv32_musl_fp/bin/../lib/gcc/riscv32-linux-musl/7.3.0/../../../../riscv32-linux-musl/include/c++/7.3.0/backward] ==> [/sdk/tools/bin/compiler/riscv/cc_riscv32_musl_b090/cc_riscv32_musl_fp/riscv32-linux-musl/include/c++/7.3.0/backward]
  collapse include dir [/sdk/tools/bin/compiler/riscv/cc_riscv32_musl_b090/cc_riscv32_musl_fp/bin/../lib/gcc/riscv32-linux-musl/7.3.0/../../../../riscv32-linux-musl/include] ==> [/sdk/tools/bin/compiler/riscv/cc_riscv32_musl_b090/cc_riscv32_musl_fp/riscv32-linux-musl/include]
  collapse include dir [/sdk/tools/bin/compiler/riscv/cc_riscv32_musl_b090/cc_riscv32_musl_fp/bin/../lib/gcc/riscv32-linux-musl/7.3.0/include] ==> [/sdk/tools/bin/compiler/riscv/cc_riscv32_musl_b090/cc_riscv32_musl_fp/lib/gcc/riscv32-linux-musl/7.3.0/include]
  collapse include dir [/sdk/tools/bin/compiler/riscv/cc_riscv32_musl_b090/cc_riscv32_musl_fp/bin/../sysroot/usr/include] ==> [/sdk/tools/bin/compiler/riscv/cc_riscv32_musl_b090/cc_riscv32_musl_fp/sysroot/usr/include]
  implicit include dirs: [/sdk/tools/bin/compiler/riscv/cc_riscv32_musl_b090/cc_riscv32_musl_fp/riscv32-linux-musl/include/c++/7.3.0;/sdk/tools/bin/compiler/riscv/cc_riscv32_musl_b090/cc_riscv32_musl_fp/riscv32-linux-musl/include/c++/7.3.0/riscv32-linux-musl;/sdk/tools/bin/compiler/riscv/cc_riscv32_musl_b090/cc_riscv32_musl_fp/riscv32-linux-musl/include/c++/7.3.0/backward;/sdk/tools/bin/compiler/riscv/cc_riscv32_musl_b090/cc_riscv32_musl_fp/riscv32-linux-musl/include;/sdk/tools/bin/compiler/riscv/cc_riscv32_musl_b090/cc_riscv32_musl_fp/lib/gcc/riscv32-linux-musl/7.3.0/include;/sdk/tools/bin/compiler/riscv/cc_riscv32_musl_b090/cc_riscv32_musl_fp/sysroot/usr/include]


Parsed CXX implicit link information from above output:
  link line regex: [^( *|.*[/\])(riscv32-linux-musl-ld|CMAKE_LINK_STARTFILE-NOTFOUND|([^/\]+-)?ld|collect2)[^/\]*( |$)]
  ignore line: [Change Dir: /sdk/output/bs21/acore/bs21-sle-ble-central-peripheral/CMakeFiles/CMakeTmp]
  ignore line: []
  ignore line: [Run Build Command(s):/usr/bin/ninja cmTC_37c09 && [1/2] Building CXX object CMakeFiles/cmTC_37c09.dir/CMakeCXXCompilerABI.cpp.obj]
  ignore line: [Using built-in specs.]
  ignore line: [COLLECT_GCC=/sdk/tools/bin/compiler/riscv/cc_riscv32_musl_b090/cc_riscv32_musl_fp/bin/riscv32-linux-musl-g++]
  ignore line: [Target: riscv32-linux-musl]
  ignore line: [Configured with: /devcloud/workspace/cc_source/build/cc_riscv32_musl_fp/../../open_source/cc_riscv32_musl_fp_build_src/gcc/configure --build=x86_64-pc-linux-gnu --host=x86_64-pc-linux-gnu --target=riscv32-linux-musl --with-arch=rv32imfc --prefix=/devcloud/workspace/cc_source/build/cc_riscv32_musl_fp/riscv32_elf_musl_fp_build_dir/cc_riscv32_musl_fp --disable-multilib --disable-__cxa_atexit --with-gnu-as --with-gnu-ld --disable-libmudflap --enable-libgomp --enable-libssp --disable-threads --enable-shared --with-abi=ilp32f --enable-poison-system-directories --enable-symvers=gnu --with-pkgversion='build ver100.090 2023-05-17' --enable-languages=c,c++ --with-headers=/devcloud/workspace/cc_source/build/cc_riscv32_musl_fp/riscv32_elf_musl_fp_build_dir/cc_riscv32_musl_fp/sysroot/usr/include --with-sysroot=/devcloud/workspace/cc_source/build/cc_riscv32_musl_fp/riscv32_elf_musl_fp_build_dir/cc_riscv32_musl_fp/sysroot --with-build-sysroot=/devcloud/workspace/cc_source/build/cc_riscv32_musl_fp/riscv32_elf_musl_fp_build_dir/cc_riscv32_musl_fp/sysroot --with-gmp=/devcloud/workspace/cc_source/build/cc_riscv32_musl_fp/riscv32_elf_musl_fp_build_dir/obj/host-libs/usr --with-mpfr=/devcloud/workspace/cc_source/build/cc_riscv32_musl_fp/riscv32_elf_musl_fp_build_dir/obj/host-libs/usr --with-mpc=/devcloud/workspace/cc_source/build/cc_riscv32_musl_fp/riscv32_elf_musl_fp_build_dir/obj/host-libs/usr --with-isl=/devcloud/workspace/cc_source/build/cc_riscv32_musl_fp/riscv32_elf_musl_fp_build_dir/obj/host-libs/usr --with-build-time-tools=/devcloud/workspace/cc_source/build/cc_riscv32_musl_fp/riscv32_elf_musl_fp_build_dir/cc_riscv32_musl_fp/riscv32-linux-musl/bin --libdir=/devcloud/workspace/cc_source/build/cc_riscv32_musl_fp/riscv32_elf_musl_fp_build_dir/cc_riscv32_musl_fp/lib --disable-libitm --with-system-zlib]
  ignore line: [Thread model: single]
  ignore line: [gcc version 7.3.0 (build ver100.090 2023-05-17) ]
  ignore line: [COLLECT_GCC_OPTIONS='-v' '-o' 'CMakeFiles/cmTC_37c09.dir/CMakeCXXCompilerABI.cpp.obj' '-c' '-shared-libgcc' '-march=rv32imfc' '-mabi=ilp32f']
  ignore line: [ /sdk/tools/bin/compiler/riscv/cc_riscv32_musl_b090/cc_riscv32_musl_fp/bin/../libexec/gcc/riscv32-linux-musl/7.3.0/cc1plus -quiet -v -iprefix /sdk/tools/bin/compiler/riscv/cc_riscv32_musl_b090/cc_riscv32_musl_fp/bin/../lib/gcc/riscv32-linux-musl/7.3.0/ -isysroot /sdk/tools/bin/compiler/riscv/cc_riscv32_musl_b090/cc_riscv32_musl_fp/bin/../sysroot -D_GNU_SOURCE /usr/share/cmake-3.16/Modules/CMakeCXXCompilerABI.cpp -quiet -dumpbase CMakeCXXCompilerABI.cpp -march=rv32imfc -mabi=ilp32f -auxbase-strip CMakeFiles/cmTC_37c09.dir/CMakeCXXCompilerABI.cpp.obj -version -o /tmp/cc4kxbg9.s]
  ignore line: [GNU C++14 (build ver100.090 2023-05-17) version 7.3.0 (riscv32-linux-musl)]
  ignore line: [	compiled by GNU C version 7.3.0  GMP version 6.2.1  MPFR version 4.1.0  MPC version 1.2.1  isl version UNKNOWN-GMP]
  ignore line: []
  ignore line: [GGC heuristics: --param ggc-min-expand=100 --param ggc-min-heapsize=131072]
  ignore line: [ignoring duplicate directory "/sdk/tools/bin/compiler/riscv/cc_riscv32_musl_b090/cc_riscv32_musl_fp/bin/../lib/gcc/../../lib/gcc/riscv32-linux-musl/7.3.0/../../../../riscv32-linux-musl/include/c++/7.3.0"]
  ignore line: [ignoring duplicate directory "/sdk/tools/bin/compiler/riscv/cc_riscv32_musl_b090/cc_riscv32_musl_fp/bin/../lib/gcc/../../lib/gcc/riscv32-linux-musl/7.3.0/../../../../riscv32-linux-musl/include/c++/7.3.0/riscv32-linux-musl"]
  ignore line: [ignoring duplicate directory "/sdk/tools/bin/compiler/riscv/cc_riscv32_musl_b090/cc_riscv32_musl_fp/bin/../lib/gcc/../../lib/gcc/riscv32-linux-musl/7.3.0/../../../../riscv32-linux-musl/include/c++/7.3.0/backward"]
  ignore line: [ignoring nonexistent directory "/sdk/tools/bin/compiler/riscv/cc_riscv32_musl_b090/cc_riscv32_musl_fp/bin/../sysroot/usr/local/include"]
  ignore line: [ignoring duplicate directory "/sdk/tools/bin/compiler/riscv/cc_riscv32_musl_b090/cc_riscv32_musl_fp/bin/../lib/gcc/../../lib/gcc/riscv32-linux-musl/7.3.0/../../../../riscv32-linux-musl/include"]
  ignore line: [ignoring duplicate directory "/sdk/tools/bin/compiler/riscv/cc_riscv32_musl_b090/cc_riscv32_musl_fp/bin/../lib/gcc/../../lib/gcc/riscv32-linux-musl/7.3.0/include"]
  ignore line: [#include "..." search starts here:]
  ignore line: [#include <...> search starts here:]
  ignore line: [ /sdk/tools/bin/compiler/riscv/cc_riscv32_musl_b090/cc_riscv32_musl_fp/bin/../lib/gcc/riscv32-linux-musl/7.3.0/../../../../riscv32-linux-musl/include/c++/7.3.0]
  ignore line: [ /sdk/tools/bin/compiler/riscv/cc_riscv32_musl_b090/cc_riscv32_musl_fp/bin/../lib/gcc/riscv32-linux-musl/7.3.0/../../../../riscv32-linux-musl/include/c++/7.3.0/riscv32-linux-musl]
  ignore line: [ /sdk/tools/bin/compiler/riscv/cc_riscv32_musl_b090/cc_riscv32_musl_fp/bin/../lib/gcc/riscv32-linux-musl/7.3.0/../../../../riscv32-linux-musl/include/c++/7.3.0/backward]
  ignore line: [ /sdk/tools/bin/compiler/riscv/cc_riscv32_musl_b090/cc_riscv32_musl_fp/bin/../lib/gcc/riscv32-linux-musl/7.3.0/../../../../riscv32-linux-musl/include]
  ignore line: [ /sdk/tools/bin/compiler/riscv/cc_riscv32_musl_b090/cc_riscv32_musl_fp/bin/../lib/gcc/riscv32-linux-musl/7.3.0/include]
  ignore line: [ /sdk/tools/bin/compiler/riscv/cc_riscv32_musl_b090/cc_riscv32_musl_fp/bin/../sysroot/usr/include]
  ignore line: [End of search list.]
  ignore line: [GNU C++14 (build ver100.090 2023-05-17) version 7.3.0 (riscv32-linux-musl)]
  ignore line: [	compiled by GNU C version 7.3.0  GMP version 6.2.1  MPFR version 4.1.0  MPC version 1.2.1  isl version UNKNOWN-GMP]
  ignore line: []
  ignore line: [GGC heuristics: --param ggc-min-expand=100 --param ggc-min-heapsize=131072]
  ignore line: [Compiler executable checksum: 3f360a73afc370a69c87af63e28acad0]
  ignore line: [COLLECT_GCC_OPTIONS='-v' '-o' 'CMakeFiles/cmTC_37c09.dir/CMakeCXXCompilerABI.cpp.obj' '-c' '-shared-libgcc' '-march=rv32imfc' '-mabi=ilp32f']
  ignore line: [ /sdk/tools/bin/compiler/riscv/cc_riscv32_musl_b090/cc_riscv32_musl_fp/bin/../lib/gcc/riscv32-linux-musl/7.3.0/../../../../riscv32-linux-musl/bin/as -v --traditional-format -march=rv32imfc -mabi=ilp32f -o CMakeFiles/cmTC_37c09.dir/CMakeCXXCompilerABI.cpp.obj /tmp/cc4kxbg9.s]
  ignore line: [GNU assembler version 2.38 (riscv32-linux-musl) using BFD version (build ver100.090 2023-05-17) 2.38]
  ignore line: [COMPILER_PATH=/sdk/tools/bin/compiler/riscv/cc_riscv32_musl_b090/cc_riscv32_musl_fp/bin/../libexec/gcc/riscv32-linux-musl/7.3.0/:/sdk/tools/bin/compiler/riscv/cc_riscv32_musl_b090/cc_riscv32_musl_fp/bin/../libexec/gcc/:/sdk/tools/bin/compiler/riscv/cc_riscv32_musl_b090/cc_riscv32_musl_fp/bin/../lib/gcc/riscv32-linux-musl/7.3.0/../../../../riscv32-linux-musl/bin/]
  ignore line: [LIBRARY_PATH=/sdk/tools/bin/compiler/riscv/cc_riscv32_musl_b090/cc_riscv32_musl_fp/bin/../lib/gcc/riscv32-linux-musl/7.3.0/:/sdk/tools/bin/compiler/riscv/cc_riscv32_musl_b090/cc_riscv32_musl_fp/bin/../lib/gcc/:/sdk/tools/bin/compiler/riscv/cc_riscv32_musl_b090/cc_riscv32_musl_fp/bin/../lib/gcc/riscv32-linux-musl/7.3.0/../../../../riscv32-linux-musl/lib/:/sdk/tools/bin/compiler/riscv/cc_riscv32_musl_b090/cc_riscv32_musl_fp/bin/../sysroot/usr/lib/]
  ignore line: [COLLECT_GCC_OPTIONS='-v' '-o' 'CMakeFiles/cmTC_37c09.dir/CMakeCXXCompilerABI.cpp.obj' '-c' '-shared-libgcc' '-march=rv32imfc' '-mabi=ilp32f']
  ignore line: [[2/2] Linking CXX executable cmTC_37c09]
  ignore line: [Using built-in specs.]
  ignore line: [COLLECT_GCC=/sdk/tools/bin/compiler/riscv/cc_riscv32_musl_b090/cc_riscv32_musl_fp/bin/riscv32-linux-musl-g++]
  ignore line: [COLLECT_LTO_WRAPPER=/sdk/tools/bin/compiler/riscv/cc_riscv32_musl_b090/cc_riscv32_musl_fp/bin/../libexec/gcc/riscv32-linux-musl/7.3.0/lto-wrapper]
  ignore line: [Target: riscv32-linux-musl]
  ignore line: [Configured with: /devcloud/workspace/cc_source/build/cc_riscv32_musl_fp/../../open_source/cc_riscv32_musl_fp_build_src/gcc/configure --build=x86_64-pc-linux-gnu --host=x86_64-pc-linux-gnu --target=riscv32-linux-musl --with-arch=rv32imfc --prefix=/devcloud/workspace/cc_source/build/cc_riscv32_musl_fp/riscv32_elf_musl_fp_build_dir/cc_riscv32_musl_fp --disable-multilib --disable-__cxa_atexit --with-gnu-as --with-gnu-ld --disable-libmudflap --enable-libgomp --enable-libssp --disable-threads --enable-shared --with-abi=ilp32f --enable-poison-system-directories --enable-symvers=gnu --with-pkgversion='build ver100.090 2023-05-17' --enable-languages=c,c++ --with-headers=/devcloud/workspace/cc_source/build/cc_riscv32_musl_fp/riscv32_elf_musl_fp_build_dir/cc_riscv32_musl_fp/sysroot/usr/include --with-sysroot=/devcloud/workspace/cc_source/build/cc_riscv32_musl_fp/riscv32_elf_musl_fp_build_dir/cc_riscv32_musl_fp/sysroot --with-build-sysroot=/devcloud/workspace/cc_source/build/cc_riscv32_musl_fp/riscv32_elf_musl_fp_build_dir/cc_riscv32_musl_fp/sysroot --with-gmp=/devcloud/workspace/cc_source/build/cc_riscv32_musl_fp/riscv32_elf_musl_fp_build_dir/obj/host-libs/usr --with-mpfr=/devcloud/workspace/cc_source/build/cc_riscv32_musl_fp/riscv32_elf_musl_fp_build_dir/obj/host-libs/usr --with-mpc=/devcloud/workspace/cc_source/build/cc_riscv32_musl_fp/riscv32_elf_musl_fp_build_dir/obj/host-libs/usr --with-isl=/devcloud/workspace/cc_source/build/cc_riscv32_musl_fp/riscv32_elf_musl_fp_build_dir/obj/host-libs/usr --with-build-time-tools=/devcloud/workspace/cc_source/build/cc_riscv32_musl_fp/riscv32_elf_musl_fp_build_dir/cc_riscv32_musl_fp/riscv32-linux-musl/bin --libdir=/devcloud/workspace/cc_source/build/cc_riscv32_musl_fp/riscv32_elf_musl_fp_build_dir/cc_riscv32_musl_fp/lib --disable-libitm --with-system-zlib]
  ignore line: [Thread model: single]
  ignore line: [gcc version 7.3.0 (build ver100.090 2023-05-17) ]
  ignore line: [COMPILER_PATH=/sdk/tools/bin/compiler/riscv/cc_riscv32_musl_b090/cc_riscv32_musl_fp/bin/../libexec/gcc/riscv32-linux-musl/7.3.0/:/sdk/tools/bin/compiler/riscv/cc_riscv32_musl_b090/cc_riscv32_musl_fp/bin/../libexec/gcc/:/sdk/tools/bin/compiler/riscv/cc_riscv32_musl_b090/cc_riscv32_musl_fp/bin/../lib/gcc/riscv32-linux-musl/7.3.0/../../../../riscv32-linux-musl/bin/]
  ignore line: [LIBRARY_PATH=/sdk/tools/bin/compiler/riscv/cc_riscv32_musl_b090/cc_riscv32_musl_fp/bin/../lib/gcc/riscv32-linux-musl/7.3.0/:/sdk/tools/bin/compiler/riscv/cc_riscv32_musl_b090/cc_riscv32_musl_fp/bin/../lib/gcc/:/sdk/tools/bin/compiler/riscv/cc_riscv32_musl_b090/cc_riscv32_musl_fp/bin/../lib/gcc/riscv32-linux-musl/7.3.0/../../../../riscv32-linux-musl/lib/:/sdk/tools/bin/compiler/riscv/cc_riscv32_musl_b090/cc_riscv32_musl_fp/bin/../sysroot/usr/lib/]
  ignore line: [COLLECT_GCC_OPTIONS='-v' '-o' 'cmTC_37c09' '-shared-libgcc' '-march=rv32imfc' '-mabi=ilp32f']
  link line: [ /sdk/tools/bin/compiler/riscv/cc_riscv32_musl_b090/cc_riscv32_musl_fp/bin/../libexec/gcc/riscv32-linux-musl/7.3.0/collect2 -plugin /sdk/tools/bin/compiler/riscv/cc_riscv32_musl_b090/cc_riscv32_musl_fp/bin/../libexec/gcc/riscv32-linux-musl/7.3.0/liblto_plugin.so -plugin-opt=/sdk/tools/bin/compiler/riscv/cc_riscv32_musl_b090/cc_riscv32_musl_fp/bin/../libexec/gcc/riscv32-linux-musl/7.3.0/lto-wrapper -plugin-opt=-fresolution=/tmp/ccpTOpRt.res -plugin-opt=-pass-through=-lgcc_s -plugin-opt=-pass-through=-lgcc -plugin-opt=-pass-through=-lc -plugin-opt=-pass-through=-lgcc_s -plugin-opt=-pass-through=-lgcc --sysroot=/sdk/tools/bin/compiler/riscv/cc_riscv32_musl_b090/cc_riscv32_musl_fp/bin/../sysroot --eh-frame-hdr -melf32lriscv -dynamic-linker /lib/ld-musl-riscv32-sp.so.1 -o cmTC_37c09 /sdk/tools/bin/compiler/riscv/cc_riscv32_musl_b090/cc_riscv32_musl_fp/bin/../sysroot/usr/lib/crt1.o /sdk/tools/bin/compiler/riscv/cc_riscv32_musl_b090/cc_riscv32_musl_fp/bin/../lib/gcc/riscv32-linux-musl/7.3.0/crti.o /sdk/tools/bin/compiler/riscv/cc_riscv32_musl_b090/cc_riscv32_musl_fp/bin/../lib/gcc/riscv32-linux-musl/7.3.0/crtbegin.o -L/sdk/tools/bin/compiler/riscv/cc_riscv32_musl_b090/cc_riscv32_musl_fp/bin/../lib/gcc/riscv32-linux-musl/7.3.0 -L/sdk/tools/bin/compiler/riscv/cc_riscv32_musl_b090/cc_riscv32_musl_fp/bin/../lib/gcc -L/sdk/tools/bin/compiler/riscv/cc_riscv32_musl_b090/cc_riscv32_musl_fp/bin/../lib/gcc/riscv32-linux-musl/7.3.0/../../../../riscv32-linux-musl/lib -L/sdk/tools/bin/compiler/riscv/cc_riscv32_musl_b090/cc_riscv32_musl_fp/bin/../sysroot/usr/lib CMakeFiles/cmTC_37c09.dir/CMakeCXXCompilerABI.cpp.obj -lstdc++ -lm -lgcc_s -lgcc -lc -lgcc_s -lgcc /sdk/tools/bin/compiler/riscv/cc_riscv32_musl_b090/cc_riscv32_musl_fp/bin/../lib/gcc/riscv32-linux-musl/7.3.0/crtend.o /sdk/tools/bin/compiler/riscv/cc_riscv32_musl_b090/cc_riscv32_musl_fp/bin/../lib/gcc/riscv32-linux-musl/7.3.0/crtn.o]
    arg [/sdk/tools/bin/compiler/riscv/cc_riscv32_musl_b090/cc_riscv32_musl_fp/bin/../libexec/gcc/riscv32-linux-musl/7.3.0/collect2] ==> ignore
    arg [-plugin] ==> ignore
    arg [/sdk/tools/bin/compiler/riscv/cc_riscv32_musl_b090/cc_riscv32_musl_fp/bin/../libexec/gcc/riscv32-linux-musl/7.3.0/liblto_plugin.so] ==> ignore
    arg [-plugin-opt=/sdk/tools/bin/compiler/riscv/cc_riscv32_musl_b090/cc_riscv32_musl_fp/bin/../libexec/gcc/riscv32-linux-musl/7.3.0/lto-wrapper] ==> ignore
    arg [-plugin-opt=-fresolution=/tmp/ccpTOpRt.res] ==> ignore
    arg [-plugin-opt=-pass-through=-lgcc_s] ==> ignore
    arg [-plugin-opt=-pass-through=-lgcc] ==> ignore
    arg [-plugin-opt=-pass-through=-lc] ==> ignore
    arg [-plugin-opt=-pass-through=-lgcc_s] ==> ignore
    arg [-plugin-opt=-pass-through=-lgcc] ==> ignore
    arg [--sysroot=/sdk/tools/bin/compiler/riscv/cc_riscv32_musl_b090/cc_riscv32_musl_fp/bin/../sysroot] ==> ignore
    arg [--eh-frame-hdr] ==> ignore
    arg [-melf32lriscv] ==> ignore
    arg [-dynamic-linker] ==> ignore
    arg [/lib/ld-musl-riscv32-sp.so.1] ==> ignore
    arg [-o] ==> ignore
    arg [cmTC_37c09] ==> ignore
    arg [/sdk/tools/bin/compiler/riscv/cc_riscv32_musl_b090/cc_riscv32_musl_fp/bin/../sysroot/usr/lib/crt1.o] ==> ignore
    arg [/sdk/tools/bin/compiler/riscv/cc_riscv32_musl_b090/cc_riscv32_musl_fp/bin/../lib/gcc/riscv32-linux-musl/7.3.0/crti.o] ==> ignore
    arg [/sdk/tools/bin/compiler/riscv/cc_riscv32_musl_b090/cc_riscv32_musl_fp/bin/../lib/gcc/riscv32-linux-musl/7.3.0/crtbegin.o] ==> ignore
    arg [-L/sdk/tools/bin/compiler/riscv/cc_riscv32_musl_b090/cc_riscv32_musl_fp/bin/../lib/gcc/riscv32-linux-musl/7.3.0] ==> dir [/sdk/tools/bin/compiler/riscv/cc_riscv32_musl_b090/cc_riscv32_musl_fp/bin/../lib/gcc/riscv32-linux-musl/7.3.0]
    arg [-L/sdk/tools/bin/compiler/riscv/cc_riscv32_musl_b090/cc_riscv32_musl_fp/bin/../lib/gcc] ==> dir [/sdk/tools/bin/compiler/riscv/cc_riscv32_musl_b090/cc_riscv32_musl_fp/bin/../lib/gcc]
    arg [-L/sdk/tools/bin/compiler/riscv/cc_riscv32_musl_b090/cc_riscv32_musl_fp/bin/../lib/gcc/riscv32-linux-musl/7.3.0/../../../../riscv32-linux-musl/lib] ==> dir [/sdk/tools/bin/compiler/riscv/cc_riscv32_musl_b090/cc_riscv32_musl_fp/bin/../lib/gcc/riscv32-linux-musl/7.3.0/../../../../riscv32-linux-musl/lib]
    arg [-L/sdk/tools/bin/compiler/riscv/cc_riscv32_musl_b090/cc_riscv32_musl_fp/bin/../sysroot/usr/lib] ==> dir [/sdk/tools/bin/compiler/riscv/cc_riscv32_musl_b090/cc_riscv32_musl_fp/bin/../sysroot/usr/lib]
    arg [CMakeFiles/cmTC_37c09.dir/CMakeCXXCompilerABI.cpp.obj] ==> ignore
    arg [-lstdc++] ==> lib [stdc++]
    arg [-lm] ==> lib [m]
    arg [-lgcc_s] ==> lib [gcc_s]
    arg [-lgcc] ==> lib [gcc]
    arg [-lc] ==> lib [c]
    arg [-lgcc_s] ==> lib [gcc_s]
    arg [-lgcc] ==> lib [gcc]
    arg [/sdk/tools/bin/compiler/riscv/cc_riscv32_musl_b090/cc_riscv32_musl_fp/bin/../lib/gcc/riscv32-linux-musl/7.3.0/crtend.o] ==> ignore
    arg [/sdk/tools/bin/compiler/riscv/cc_riscv32_musl_b090/cc_riscv32_musl_fp/bin/../lib/gcc/riscv32-linux-musl/7.3.0/crtn.o] ==> ignore
  collapse library dir [/sdk/tools/bin/compiler/riscv/cc_riscv32_musl_b090/cc_riscv32_musl_fp/bin/../lib/gcc/riscv32-linux-musl/7.3.0] ==> [/sdk/tools/bin/compiler/riscv/cc_riscv32_musl_b090/cc_riscv32_musl_fp/lib/gcc/riscv32-linux-musl/7.3.0]
  collapse library dir [/sdk/tools/bin/compiler/riscv/cc_riscv32_musl_b090/cc_riscv32_musl_fp/bin/../lib/gcc] ==> [/sdk/tools/bin/compiler/riscv/cc_riscv32_musl_b090/cc_riscv32_musl_fp/lib/gcc]
  collapse library dir [/sdk/tools/bin/compiler/riscv/cc_riscv32_musl_b090/cc_riscv32_musl_fp/bin/../lib/gcc/riscv32-linux-musl/7.3.0/../../../../riscv32-linux-musl/lib] ==> [/sdk/tools/bin/compiler/riscv/cc_riscv32_musl_b090/cc_riscv32_musl_fp/riscv32-linux-musl/lib]
  collapse library dir [/sdk/tools/bin/compiler/riscv/cc_riscv32_musl_b090/cc_riscv32_musl_fp/bin/../sysroot/usr/lib] ==> [/sdk/tools/bin/compiler/riscv/cc_riscv32_musl_b090/cc_riscv32_musl_fp/sysroot/usr/lib]
  implicit libs: [stdc++;m;gcc_s;gcc;c;gcc_s;gcc]
  implicit dirs: [/sdk/tools/bin/compiler/riscv/cc_riscv32_musl_b090/cc_riscv32_musl_fp/lib/gcc/riscv32-linux-musl/7.3.0;/sdk/tools/bin/compiler/riscv/cc_riscv32_musl_b090/cc_riscv32_musl_fp/lib/gcc;/sdk/tools/bin/compiler/riscv/cc_riscv32_musl_b090/cc_riscv32_musl_fp/riscv32-linux-musl/lib;/sdk/tools/bin/compiler/riscv/cc_riscv32_musl_b090/cc_riscv32_musl_fp/sysroot/usr/lib]
  implicit fwks: []


